{"total": {"lines":{"total":188,"covered":155,"skipped":0,"pct":82.44},"statements":{"total":199,"covered":160,"skipped":0,"pct":80.4},"functions":{"total":66,"covered":40,"skipped":0,"pct":60.6},"branches":{"total":200,"covered":166,"skipped":0,"pct":83},"branchesTrue":{"total":0,"covered":0,"skipped":0,"pct":100}}
,"D:\\6 SEM\\PROJECT\\Skillbridge\\frontend\\src\\components\\VoiceRecorder.jsx": {"lines":{"total":103,"covered":85,"skipped":0,"pct":82.52},"functions":{"total":37,"covered":23,"skipped":0,"pct":62.16},"statements":{"total":111,"covered":90,"skipped":0,"pct":81.08},"branches":{"total":102,"covered":83,"skipped":0,"pct":81.37}}
,"D:\\6 SEM\\PROJECT\\Skillbridge\\frontend\\src\\pages\\Jobs.jsx": {"lines":{"total":59,"covered":46,"skipped":0,"pct":77.96},"functions":{"total":23,"covered":12,"skipped":0,"pct":52.17},"statements":{"total":62,"covered":46,"skipped":0,"pct":74.19},"branches":{"total":89,"covered":75,"skipped":0,"pct":84.26}}
,"D:\\6 SEM\\PROJECT\\Skillbridge\\frontend\\src\\services\\api.js": {"lines":{"total":26,"covered":24,"skipped":0,"pct":92.3},"functions":{"total":6,"covered":5,"skipped":0,"pct":83.33},"statements":{"total":26,"covered":24,"skipped":0,"pct":92.3},"branches":{"total":9,"covered":8,"skipped":0,"pct":88.88}}
}
