{"total": {"lines":{"total":183,"covered":154,"skipped":0,"pct":84.15},"statements":{"total":194,"covered":160,"skipped":0,"pct":82.47},"functions":{"total":63,"covered":40,"skipped":0,"pct":63.49},"branches":{"total":200,"covered":165,"skipped":0,"pct":82.5},"branchesTrue":{"total":0,"covered":0,"skipped":0,"pct":100}}
,"D:\\6 SEM\\PROJECT\\Skillbridge\\frontend\\src\\components\\VoiceRecorder.jsx": {"lines":{"total":101,"covered":85,"skipped":0,"pct":84.15},"functions":{"total":35,"covered":23,"skipped":0,"pct":65.71},"statements":{"total":109,"covered":91,"skipped":0,"pct":83.48},"branches":{"total":106,"covered":86,"skipped":0,"pct":81.13}}
,"D:\\6 SEM\\PROJECT\\Skillbridge\\frontend\\src\\pages\\Jobs.jsx": {"lines":{"total":58,"covered":45,"skipped":0,"pct":77.58},"functions":{"total":23,"covered":12,"skipped":0,"pct":52.17},"statements":{"total":61,"covered":45,"skipped":0,"pct":73.77},"branches":{"total":85,"covered":71,"skipped":0,"pct":83.52}}
,"D:\\6 SEM\\PROJECT\\Skillbridge\\frontend\\src\\services\\api.js": {"lines":{"total":24,"covered":24,"skipped":0,"pct":100},"functions":{"total":5,"covered":5,"skipped":0,"pct":100},"statements":{"total":24,"covered":24,"skipped":0,"pct":100},"branches":{"total":9,"covered":8,"skipped":0,"pct":88.88}}
}
